This is pdfTeX, Version 3.14159-1.00a-pretest-20011114-ojmw (Web2C 7.3.7) (format=pdflatex 2002.1.30)  19 FEB 2003 19:18
**UseCase.tex
(./UseCase.tex{/usr/share/texmf/pdftex/config/pdftex.cfg}
LaTeX2e <2001/06/01>
Babel <v3.7h> and hyphenation patterns for american, french, german, ngerman, n
ohyphenation, loaded.
(/usr/share/texmf/tex/latex/base/report.cls
Document Class: report 2001/04/21 v1.4e Standard LaTeX document class
(/usr/share/texmf/tex/latex/base/size12.clo
File: size12.clo 2001/04/21 v1.4e Standard LaTeX file (size option)
)
\c@part=\count79
\c@chapter=\count80
\c@section=\count81
\c@subsection=\count82
\c@subsubsection=\count83
\c@paragraph=\count84
\c@subparagraph=\count85
\c@figure=\count86
\c@table=\count87
\abovecaptionskip=\skip41
\belowcaptionskip=\skip42
\bibindent=\dimen102
)
(/usr/share/texmf/tex/latex/base/inputenc.sty
Package: inputenc 2001/07/10 v0.99a Input encoding file 

(/usr/share/texmf/tex/latex/base/latin1.def
File: latin1.def 2001/07/10 v0.99a Input encoding file 
))
(/usr/share/texmf/tex/generic/babel/babel.sty
Package: babel 2001/03/01 v3.7h The Babel package

(/usr/share/texmf/tex/generic/babel/frenchb.ldf
Language: french 2001/03/01 v1.5e French support from the babel system

(/usr/share/texmf/tex/generic/babel/babel.def
File: babel.def 2001/03/01 v3.7h Babel common definitions
\babel@savecnt=\count88
\U@D=\dimen103
)
Package babel Info: Making : an active character on input line 200.
Package babel Info: Making ; an active character on input line 201.
Package babel Info: Making ! an active character on input line 202.
Package babel Info: Making ? an active character on input line 203.

*************************************
* Local config file frenchb.cfg used
*
(/usr/share/texmf/tex/generic/babel/frenchb.cfg)))
(/usr/share/texmf/tex/latex/base/latexsym.sty
Package: latexsym 1998/08/17 v2.2e Standard LaTeX package (lasy symbols)
\symlasy=\mathgroup4
LaTeX Font Info:    Overwriting symbol font `lasy' in version `bold'
(Font)                  U/lasy/m/n --> U/lasy/b/n on input line 42.
)
(/usr/share/texmf/tex/latex/graphics/graphicx.sty
Package: graphicx 1999/02/16 v1.0f Enhanced LaTeX Graphics (DPC,SPQR)

(/usr/share/texmf/tex/latex/graphics/keyval.sty
Package: keyval 1999/03/16 v1.13 key=value parser (DPC)
\KV@toks@=\toks14
)
(/usr/share/texmf/tex/latex/graphics/graphics.sty
Package: graphics 2001/07/07 v1.0n Standard LaTeX Graphics (DPC,SPQR)

(/usr/share/texmf/tex/latex/graphics/trig.sty
Package: trig 1999/03/16 v1.09 sin cos tan (DPC)
)
(/usr/share/texmf/tex/latex/config/graphics.cfg
File: graphics.cfg 2001/08/31 v1.1 graphics configuration of teTeX/TeXLive
)
Package graphics Info: Driver file: dvips.def on input line 80.

(/usr/share/texmf/tex/latex/graphics/dvips.def
File: dvips.def 1999/02/16 v3.0i Driver-dependant file (DPC,SPQR)
))
\Gin@req@height=\dimen104
\Gin@req@width=\dimen105
) (./UseCase.aux)
\openout1 = `UseCase.aux'.

LaTeX Font Info:    Checking defaults for OML/cmm/m/it on input line 23.
LaTeX Font Info:    ... okay on input line 23.
LaTeX Font Info:    Checking defaults for T1/cmr/m/n on input line 23.
LaTeX Font Info:    ... okay on input line 23.
LaTeX Font Info:    Checking defaults for OT1/cmr/m/n on input line 23.
LaTeX Font Info:    ... okay on input line 23.
LaTeX Font Info:    Checking defaults for OMS/cmsy/m/n on input line 23.
LaTeX Font Info:    ... okay on input line 23.
LaTeX Font Info:    Checking defaults for OMX/cmex/m/n on input line 23.
LaTeX Font Info:    ... okay on input line 23.
LaTeX Font Info:    Checking defaults for U/cmr/m/n on input line 23.
LaTeX Font Info:    ... okay on input line 23.
LaTeX Font Info:    Checking defaults for OT2/wncyr/m/n on input line 23.
LaTeX Font Info:    Try loading font information for OT2+wncyr on input line 23
.

(/usr/share/texmf/tex/latex/cyrillic/ot2wncyr.fd
File: ot2wncyr.fd 1999/12/17 v3.2a Computer Modern Cyrillic font definitions
)
LaTeX Font Info:    ... okay on input line 23.
LaTeX Info: Redefining \dots on input line 23.
LaTeX Font Info:    External font `cmex10' loaded for size
(Font)              <14.4> on input line 24.
LaTeX Font Info:    External font `cmex10' loaded for size
(Font)              <7> on input line 24.
LaTeX Font Info:    Try loading font information for U+lasy on input line 24.

(/usr/share/texmf/tex/latex/base/ulasy.fd
File: ulasy.fd 1998/08/17 v2.2e LaTeX symbol font definitions
) [1

{/usr/share/texmf/dvips/config/pdftex.map}]
Underfull \hbox (badness 10000) in paragraph at lines 42--45

 []


Underfull \hbox (badness 10000) in paragraph at lines 75--79

 []


Underfull \vbox (badness 10000) has occurred while \output is active []

 [2]
[3]
Underfull \hbox (badness 10000) in paragraph at lines 129--131

 []

[4]
Overfull \hbox (3.11948pt too wide) in paragraph at lines 211--212
[]/cmr12/: Aver-tis-se-ment : Si l'en-sei-gnant qui mo-di-fie le pro-jet n'est 
pas son cr^^Seateur,
 []


Underfull \vbox (badness 10000) has occurred while \output is active []

 [5]
[6]
Underfull \hbox (badness 10000) in paragraph at lines 257--262

 []


Underfull \hbox (badness 10000) in paragraph at lines 262--263

 []


Underfull \hbox (badness 10000) in paragraph at lines 266--268

 []


Underfull \hbox (badness 10000) in paragraph at lines 268--274

 []


Underfull \hbox (badness 10000) in paragraph at lines 274--275

 []


Underfull \vbox (badness 10000) has occurred while \output is active []

 [7]
[8]
Underfull \hbox (badness 10000) in paragraph at lines 309--312

 []

[9] [10]
LaTeX Font Info:    External font `cmex10' loaded for size
(Font)              <12> on input line 332.
LaTeX Font Info:    External font `cmex10' loaded for size
(Font)              <8> on input line 332.
LaTeX Font Info:    External font `cmex10' loaded for size
(Font)              <6> on input line 332.
 [11] [12] (./UseCase.aux) ) 
Here is how much of TeX's memory you used:
 1159 strings out of 10428
 13863 string characters out of 65381
 68918 words of memory out of 263001
 4175 multiletter control sequences out of 10000+0
 9836 words of font info for 38 fonts, out of 400000 for 1000
 14 hyphenation exceptions out of 1000
 25i,7n,24p,236b,457s stack positions out of 300i,100n,500p,50000b,4000s
</usr/share/texmf/fonts/type1/bluesky/cm/cmti12.pfb
></usr/share/texmf/fonts/type1/bluesky/cm/cmbx12.pfb></usr/share/texmf/fonts/ty
pe1/bluesky/cm/cmr12.pfb></usr/share/texmf/fonts/type1/bluesky/cm/cmr17.pfb>
Output written on UseCase.pdf (12 pages, 50393 bytes).
