This is pdfTeX, Version 3.14159-1.00a-pretest-20011114-ojmw (Web2C 7.3.7) (format=pdflatex 2002.1.30)  7 MAR 2003 13:21
**UseCase.tex
(./UseCase.tex{/usr/share/texmf/pdftex/config/pdftex.cfg}
LaTeX2e <2001/06/01>
Babel <v3.7h> and hyphenation patterns for american, french, german, ngerman, n
ohyphenation, loaded.
(/usr/share/texmf/tex/latex/base/report.cls
Document Class: report 2001/04/21 v1.4e Standard LaTeX document class
(/usr/share/texmf/tex/latex/base/size12.clo
File: size12.clo 2001/04/21 v1.4e Standard LaTeX file (size option)
)
\c@part=\count79
\c@chapter=\count80
\c@section=\count81
\c@subsection=\count82
\c@subsubsection=\count83
\c@paragraph=\count84
\c@subparagraph=\count85
\c@figure=\count86
\c@table=\count87
\abovecaptionskip=\skip41
\belowcaptionskip=\skip42
\bibindent=\dimen102
)
(/usr/share/texmf/tex/latex/base/inputenc.sty
Package: inputenc 2001/07/10 v0.99a Input encoding file 

(/usr/share/texmf/tex/latex/base/latin1.def
File: latin1.def 2001/07/10 v0.99a Input encoding file 
))
(/usr/share/texmf/tex/generic/babel/babel.sty
Package: babel 2001/03/01 v3.7h The Babel package

(/usr/share/texmf/tex/generic/babel/frenchb.ldf
Language: french 2001/03/01 v1.5e French support from the babel system

(/usr/share/texmf/tex/generic/babel/babel.def
File: babel.def 2001/03/01 v3.7h Babel common definitions
\babel@savecnt=\count88
\U@D=\dimen103
)
Package babel Info: Making : an active character on input line 200.
Package babel Info: Making ; an active character on input line 201.
Package babel Info: Making ! an active character on input line 202.
Package babel Info: Making ? an active character on input line 203.

*************************************
* Local config file frenchb.cfg used
*
(/usr/share/texmf/tex/generic/babel/frenchb.cfg)))
(/usr/share/texmf/tex/latex/base/latexsym.sty
Package: latexsym 1998/08/17 v2.2e Standard LaTeX package (lasy symbols)
\symlasy=\mathgroup4
LaTeX Font Info:    Overwriting symbol font `lasy' in version `bold'
(Font)                  U/lasy/m/n --> U/lasy/b/n on input line 42.
)
(/usr/share/texmf/tex/latex/graphics/graphics.sty
Package: graphics 2001/07/07 v1.0n Standard LaTeX Graphics (DPC,SPQR)

(/usr/share/texmf/tex/latex/graphics/trig.sty
Package: trig 1999/03/16 v1.09 sin cos tan (DPC)
)
(/usr/share/texmf/tex/latex/config/graphics.cfg
File: graphics.cfg 2001/08/31 v1.1 graphics configuration of teTeX/TeXLive
)
Package graphics Info: Driver file: pdftex.def on input line 80.

(/usr/share/texmf/tex/latex/graphics/pdftex.def
File: pdftex.def 2001/11/29 v0.03i graphics/color for pdftex
\Gread@gobject=\count89
))
(/usr/share/texmf/tex/latex/graphics/graphicx.sty
Package: graphicx 1999/02/16 v1.0f Enhanced LaTeX Graphics (DPC,SPQR)

(/usr/share/texmf/tex/latex/graphics/keyval.sty
Package: keyval 1999/03/16 v1.13 key=value parser (DPC)
\KV@toks@=\toks14
)
\Gin@req@height=\dimen104
\Gin@req@width=\dimen105
) (./UseCase.aux
(./introduction.aux) (./charte.aux) (./acteur.aux) (./interaction.aux)
(./main.aux) (./compte.aux) (./droit.aux) (./exercice.aux) (./projet.aux)
(./TD.aux) (./section.aux) (./matiere.aux) (./enseignement.aux) (./gantt.aux)
(./glossaire.aux) (./contact.aux))
\openout1 = `UseCase.aux'.

LaTeX Font Info:    Checking defaults for OML/cmm/m/it on input line 22.
LaTeX Font Info:    ... okay on input line 22.
LaTeX Font Info:    Checking defaults for T1/cmr/m/n on input line 22.
LaTeX Font Info:    ... okay on input line 22.
LaTeX Font Info:    Checking defaults for OT1/cmr/m/n on input line 22.
LaTeX Font Info:    ... okay on input line 22.
LaTeX Font Info:    Checking defaults for OMS/cmsy/m/n on input line 22.
LaTeX Font Info:    ... okay on input line 22.
LaTeX Font Info:    Checking defaults for OMX/cmex/m/n on input line 22.
LaTeX Font Info:    ... okay on input line 22.
LaTeX Font Info:    Checking defaults for U/cmr/m/n on input line 22.
LaTeX Font Info:    ... okay on input line 22.
LaTeX Font Info:    Checking defaults for OT2/wncyr/m/n on input line 22.
LaTeX Font Info:    Try loading font information for OT2+wncyr on input line 22
.

(/usr/share/texmf/tex/latex/cyrillic/ot2wncyr.fd
File: ot2wncyr.fd 1999/12/17 v3.2a Computer Modern Cyrillic font definitions
)
LaTeX Font Info:    ... okay on input line 22.
LaTeX Info: Redefining \dots on input line 22.

(/usr/share/texmf/tex/context/base/supp-pdf.tex
(/usr/share/texmf/tex/context/base/supp-mis.tex
loading : Context Support Macros / Missing
\protectiondepth=\count90
\scratchcounter=\count91
\scratchtoks=\toks15
\scratchdimen=\dimen106
\scratchskip=\skip43
\scratchmuskip=\muskip10
\scratchbox=\box26
\scratchread=\read1
\scratchwrite=\write3
\zeropoint=\dimen107
\nextbox=\box27
\nextdepth=\dimen108
\everyline=\toks16
\!!counta=\count92
\!!countb=\count93
\recursecounter=\count94
)
loading : Context Support Macros / PDF
\nofMPsegments=\count95
\nofMParguments=\count96
\everyMPtoPDFconversion=\toks17
)
LaTeX Font Info:    External font `cmex10' loaded for size
(Font)              <14.4> on input line 23.
LaTeX Font Info:    External font `cmex10' loaded for size
(Font)              <7> on input line 23.
LaTeX Font Info:    Try loading font information for U+lasy on input line 23.
 (/usr/share/texmf/tex/latex/base/ulasy.fd
File: ulasy.fd 1998/08/17 v2.2e LaTeX symbol font definitions
) [1

{/usr/share/texmf/dvips/config/pdftex.map}] (./UseCase.toc
LaTeX Font Info:    External font `cmex10' loaded for size
(Font)              <12> on input line 3.
LaTeX Font Info:    External font `cmex10' loaded for size
(Font)              <8> on input line 3.
LaTeX Font Info:    External font `cmex10' loaded for size
(Font)              <6> on input line 3.
)
\tf@toc=\write4
\openout4 = `UseCase.toc'.

 [2

]
\openout2 = `introduction.aux'.

 (./introduction.tex) [3

]
\openout2 = `charte.aux'.

 (./charte.tex
Chapitre 1.

Overfull \hbox (10.95273pt too wide) in paragraph at lines 10--12
[]/cmr12/Mettre en place des tests fonc-tion-nels, des tests uni-taires et des 
tests d'int^^Segration
 []


Overfull \hbox (14.07973pt too wide) in paragraph at lines 39--41
/cmbx12/Remarque /cmr12/: L'es-pace client est en cours de r^^Sealisation et se
ra ac-ces-sible ult^^Serieurement. 
 []

[4



]) [5]
\openout2 = `acteur.aux'.

 (./acteur.tex
Chapitre 2.
<images/Acteur.jpg, id=29, 563.10374pt x 161.60374pt>
File: images/Acteur.jpg Graphic file (type jpg)
 <use images/Acteur.jpg>)
[6



 <./images/Acteur.jpg>]
\openout2 = `interaction.aux'.

 (./interaction.tex
Chapitre 3.

Underfull \hbox (badness 10000) in paragraph at lines 3--6

 []

<images/collaboration.jpg, id=33, 736.7525pt x 443.6575pt>
File: images/collaboration.jpg Graphic file (type jpg)

<use images/collaboration.jpg>) [7



 <./images/collaboration.jpg>]
\openout2 = `main.aux'.

 (./main.tex
Chapitre 4.
<images/main.jpg, id=38, 716.6775pt x 385.44pt>
File: images/main.jpg Graphic file (type jpg)
 <use images/main.jpg>) [8



 <./images/main.jpg>]
\openout2 = `compte.aux'.

 (./compte.tex
Underfull \hbox (badness 10000) in paragraph at lines 3--4

 []

<images/Compte_enseignant.jpg, id=42, 433.62pt x 325.215pt>
File: images/Compte_enseignant.jpg Graphic file (type jpg)

<use images/Compte_enseignant.jpg>
Underfull \hbox (badness 4048) in paragraph at lines 15--16
[]/cmr12/Se connec-ter au compte
 []


Underfull \hbox (badness 5622) in paragraph at lines 17--18
[]/cmr12/D^^Seconnexion as-sur^^See. Ne
 []


Underfull \hbox (badness 10000) in paragraph at lines 17--18
/cmr12/pas pou-voir d^^Seloger en
 []


Underfull \hbox (badness 10000) in paragraph at lines 17--18
/cmr12/m^eme temps d'autres
 []


Underfull \hbox (badness 4940) in paragraph at lines 17--18
/cmr12/per-sonnes connect^^Sees sur
 []


Underfull \hbox (badness 10000) in paragraph at lines 19--19
[]/cmr12/Modifier pa-ram^^Retres
 []


Underfull \hbox (badness 1087) in paragraph at lines 19--21
[]/cmr12/Garantir une s^^Securit^^Se. Le
 []


Underfull \hbox (badness 2359) in paragraph at lines 19--21
/cmr12/peut pas ^etre in-ter-cept^^Se.
 []


Overfull \hbox (48.04668pt too wide) in paragraph at lines 11--25
[][] 
 []

<images/echelle.jpg, id=43, 177.66376pt x 38.1425pt>
File: images/echelle.jpg Graphic file (type jpg)
 <use images/echelle.jpg>
[9


 <./images/Compte_enseignant.jpg> <./images/echelle.jpg>]
Underfull \hbox (badness 10000) in paragraph at lines 37--38

 []


Underfull \hbox (badness 10000) in paragraph at lines 43--44

 []


Underfull \hbox (badness 10000) in paragraph at lines 49--50

 []


Underfull \hbox (badness 10000) in paragraph at lines 56--57

 []

<images/Compte_administrateur.jpg, id=47, 503.63156pt x 392.96812pt>
File: images/Compte_administrateur.jpg Graphic file (type jpg)

<use images/Compte_administrateur.jpg>
Underfull \vbox (badness 10000) has occurred while \output is active []

 [10]
Underfull \hbox (badness 10000) in paragraph at lines 78--79
[]/cmr12/Ne pas sup-pri-mer
 []


Underfull \hbox (badness 10000) in paragraph at lines 78--79
/cmr12/d'autres comptes que
 []


Overfull \hbox (48.04668pt too wide) in paragraph at lines 66--81
[][] 
 []

File: images/echelle.jpg Graphic file (type jpg)
<use images/echelle.jpg> [11 <./images/Compte_administrateur.jpg>]
Underfull \hbox (badness 10000) in paragraph at lines 96--97

 []


Underfull \hbox (badness 10000) in paragraph at lines 103--104

 []


Underfull \hbox (badness 10000) in paragraph at lines 113--114

 []


Underfull \hbox (badness 10000) in paragraph at lines 121--123

 []


Underfull \hbox (badness 10000) in paragraph at lines 130--131

 []

) [12]
\openout2 = `droit.aux'.

 (./droit.tex
<images/Droits_Responsable.jpg, id=60, 471.7625pt x 287.0725pt>
File: images/Droits_Responsable.jpg Graphic file (type jpg)

<use images/Droits_Responsable.jpg>
Underfull \hbox (badness 10000) in paragraph at lines 13--13
[]/cmr12/Rechercher les en-
 []


Underfull \hbox (badness 2326) in paragraph at lines 13--13
/cmr12/sei-gnants du groupe
 []


Underfull \hbox (badness 10000) in paragraph at lines 15--16
[]/cmr12/les droits doivent ^etre
 []


Overfull \hbox (48.04668pt too wide) in paragraph at lines 9--20
[][] 
 []

File: images/echelle.jpg Graphic file (type jpg)
<use images/echelle.jpg>
Underfull \hbox (badness 10000) in paragraph at lines 32--33

 []


Underfull \hbox (badness 10000) in paragraph at lines 39--40

 []

[13


 <./images/Droits_Responsable.jpg>]
Underfull \hbox (badness 10000) in paragraph at lines 46--47

 []

<images/Droits_Administrateur.jpg, id=65, 461.47406pt x 325.215pt>
File: images/Droits_Administrateur.jpg Graphic file (type jpg)

<use images/Droits_Administrateur.jpg>
Overfull \hbox (48.04668pt too wide) in paragraph at lines 57--66
[][] 
 []

File: images/echelle.jpg Graphic file (type jpg)
<use images/echelle.jpg>
Underfull \hbox (badness 10000) in paragraph at lines 79--80

 []

[14 <./images/Droits_Administrateur.jpg>]
Underfull \hbox (badness 10000) in paragraph at lines 85--86

 []

) [15]
\openout2 = `exercice.aux'.

 (./exercice.tex
<images/Exercice_Enseignant.jpg, id=72, 607.51968pt x 399.74344pt>
File: images/Exercice_Enseignant.jpg Graphic file (type jpg)

<use images/Exercice_Enseignant.jpg>
Underfull \hbox (badness 4673) in paragraph at lines 21--22
/cmr12/per-mettre de re-ve-nir en
 []


Underfull \hbox (badness 3769) in paragraph at lines 23--24
[]/cmr12/L'archivage doit ^etre ef-
 []


Underfull \hbox (badness 2521) in paragraph at lines 25--25
[]/cmr12/Rechercher un exer-
 []


Underfull \hbox (badness 10000) in paragraph at lines 25--27
[]/cmr12/M^^Sethode d'acc^^Res ra-pide
 []


Underfull \hbox (badness 4886) in paragraph at lines 28--30
[]/cmr12/Chargement ra-pide. Af-fi-
 []


Overfull \hbox (48.04668pt too wide) in paragraph at lines 11--32
[][] 
 []

File: images/echelle.jpg Graphic file (type jpg)
<use images/echelle.jpg> [16


 <./images/Exercice_Enseignant.jpg>]
Underfull \hbox (badness 10000) in paragraph at lines 45--46

 []


Underfull \hbox (badness 10000) in paragraph at lines 55--56

 []


Underfull \hbox (badness 10000) in paragraph at lines 65--66

 []


Underfull \hbox (badness 10000) in paragraph at lines 74--75

 []


Underfull \hbox (badness 10000) in paragraph at lines 83--84

 []

<images/Exercice_Administrateur.jpg, id=76, 599.23875pt x 238.8925pt>
File: images/Exercice_Administrateur.jpg Graphic file (type jpg)

<use images/Exercice_Administrateur.jpg>
Underfull \vbox (badness 10000) has occurred while \output is active []

 [17]
Underfull \hbox (badness 3769) in paragraph at lines 97--99
[]/cmr12/L'archivage doit ^etre ef-
 []


Underfull \hbox (badness 2443) in paragraph at lines 100--101
/cmr12/l'^^Setait avant son pas-sage
 []


Overfull \hbox (48.04668pt too wide) in paragraph at lines 93--103
[][] 
 []

File: images/echelle.jpg Graphic file (type jpg)
<use images/echelle.jpg>
Underfull \hbox (badness 10000) in paragraph at lines 116--117

 []


Underfull \hbox (badness 10000) in paragraph at lines 125--126

 []

) [18 <./images/Exercice_Administrateur.jpg>]
\openout2 = `projet.aux'.

 (./projet.tex
<images/Projet_Consultant.jpg, id=83, 556.32843pt x 382.42876pt>
File: images/Projet_Consultant.jpg Graphic file (type jpg)

<use images/Projet_Consultant.jpg>
Overfull \hbox (48.04668pt too wide) in paragraph at lines 9--20
[][] 
 []

File: images/echelle.jpg Graphic file (type jpg)
<use images/echelle.jpg>
Underfull \hbox (badness 10000) in paragraph at lines 33--35

 []

[19


 <./images/Projet_Consultant.jpg>]
Underfull \hbox (badness 10000) in paragraph at lines 42--43

 []


Underfull \hbox (badness 10000) in paragraph at lines 50--51

 []

<images/Projet_Enseignant.jpg, id=88, 684.5575pt x 499.8675pt>
File: images/Projet_Enseignant.jpg Graphic file (type jpg)

<use images/Projet_Enseignant.jpg>
Overfull \hbox (52.39565pt too wide) in paragraph at lines 57--57
 [] 
 []


Underfull \vbox (badness 10000) has occurred while \output is active []

 [20]
Overfull \hbox (48.04668pt too wide) in paragraph at lines 60--71
[][] 
 []

File: images/echelle.jpg Graphic file (type jpg)
<use images/echelle.jpg> [21 <./images/Projet_Enseignant.jpg>]
Underfull \hbox (badness 10000) in paragraph at lines 90--92

 []


Underfull \hbox (badness 10000) in paragraph at lines 101--102

 []

<images/Projet_Administrateur.jpg, id=95, 558.085pt x 223.83624pt>
File: images/Projet_Administrateur.jpg Graphic file (type jpg)

<use images/Projet_Administrateur.jpg>
Underfull \hbox (badness 2951) in paragraph at lines 115--116
/cmr12/chier se-lec-tionn^^Se pour le
 []


Overfull \hbox (48.04668pt too wide) in paragraph at lines 111--120
[][] 
 []

File: images/echelle.jpg Graphic file (type jpg)
<use images/echelle.jpg> [22 <./images/Projet_Administrateur.jpg>]
Underfull \hbox (badness 10000) in paragraph at lines 135--136

 []


Underfull \hbox (badness 10000) in paragraph at lines 145--146

 []

) [23]
\openout2 = `TD.aux'.

 (./TD.tex <images/TD_Consultant.jpg, id=102, 453.19313pt x 353.06906pt>
File: images/TD_Consultant.jpg Graphic file (type jpg)

<use images/TD_Consultant.jpg>
Overfull \hbox (48.04668pt too wide) in paragraph at lines 9--20
[][] 
 []

File: images/echelle.jpg Graphic file (type jpg)
<use images/echelle.jpg>
Underfull \hbox (badness 10000) in paragraph at lines 34--36

 []

[24


 <./images/TD_Consultant.jpg>]
Underfull \hbox (badness 10000) in paragraph at lines 42--43

 []


Underfull \hbox (badness 10000) in paragraph at lines 49--50

 []

<images/TD_Enseignant.jpg, id=106, 716.6775pt x 505.89pt>
File: images/TD_Enseignant.jpg Graphic file (type jpg)

<use images/TD_Enseignant.jpg>
Overfull \hbox (74.8795pt too wide) in paragraph at lines 56--56
 [] 
 []


Overfull \hbox (48.04668pt too wide) in paragraph at lines 59--71
[][] 
 []


Underfull \hbox (badness 10000) in paragraph at lines 59--71

 []


Underfull \hbox (badness 10000) in paragraph at lines 59--71

 []


Underfull \hbox (badness 10000) in paragraph at lines 59--71

 []


Underfull \vbox (badness 10000) has occurred while \output is active []

 [25 <./images/TD_Enseignant.jpg>]
File: images/echelle.jpg Graphic file (type jpg)
 <use images/echelle.jpg>
Underfull \hbox (badness 10000) in paragraph at lines 91--92

 []


Underfull \hbox (badness 10000) in paragraph at lines 103--104

 []

<images/TD_Administrateur.jpg, id=111, 559.08875pt x 240.9pt>
File: images/TD_Administrateur.jpg Graphic file (type jpg)

<use images/TD_Administrateur.jpg>
Underfull \vbox (badness 10000) has occurred while \output is active []

 [26]
Underfull \hbox (badness 2951) in paragraph at lines 118--119
/cmr12/chier se-lec-tionn^^Se pour le
 []


Overfull \hbox (48.04668pt too wide) in paragraph at lines 114--123
[][] 
 []

File: images/echelle.jpg Graphic file (type jpg)
<use images/echelle.jpg>
Underfull \hbox (badness 10000) in paragraph at lines 138--139

 []


Underfull \hbox (badness 10000) in paragraph at lines 149--150

 []

) [27 <./images/TD_Administrateur.jpg>]
\openout2 = `section.aux'.

 (./section.tex
Underfull \hbox (badness 10000) in paragraph at lines 3--4

 []

<images/Section_Enseigant.jpg, id=118, 514.92375pt x 325.215pt>
File: images/Section_Enseigant.jpg Graphic file (type jpg)

<use images/Section_Enseigant.jpg>
Underfull \hbox (badness 3168) in paragraph at lines 17--17
[]/cmr12/Rechercher une sec-
 []


Overfull \hbox (48.04668pt too wide) in paragraph at lines 11--20
[][] 
 []

File: images/echelle.jpg Graphic file (type jpg)
<use images/echelle.jpg>
Underfull \hbox (badness 10000) in paragraph at lines 33--34

 []


Underfull \hbox (badness 10000) in paragraph at lines 39--42

 []

<images/Section_Administrateur.jpg, id=119, 659.46375pt x 158.5925pt>
File: images/Section_Administrateur.jpg Graphic file (type jpg)

<use images/Section_Administrateur.jpg> [28


 <./images/Section_Enseigant.jpg>]
Overfull \hbox (48.04668pt too wide) in paragraph at lines 51--58
[][] 
 []

File: images/echelle.jpg Graphic file (type jpg)
<use images/echelle.jpg>) [29 <./images/Section_Administrateur.jpg>]
\openout2 = `matiere.aux'.


(./matiere.tex
Underfull \hbox (badness 10000) in paragraph at lines 3--4

 []

<images/Matiere_Enseigant.jpg, id=126, 508.90125pt x 325.215pt>
File: images/Matiere_Enseigant.jpg Graphic file (type jpg)

<use images/Matiere_Enseigant.jpg>
Underfull \hbox (badness 10000) in paragraph at lines 17--17
[]/cmr12/Rechercher une
 []


Underfull \hbox (badness 10000) in paragraph at lines 17--18
/cmr12/des en-sei-gne-ments qui
 []


Overfull \hbox (48.04668pt too wide) in paragraph at lines 11--20
[][] 
 []

File: images/echelle.jpg Graphic file (type jpg)
<use images/echelle.jpg>
Underfull \hbox (badness 10000) in paragraph at lines 33--34

 []

<images/Matiere_Administrateur.jpg, id=127, 645.41125pt x 133.49875pt>
File: images/Matiere_Administrateur.jpg Graphic file (type jpg)

<use images/Matiere_Administrateur.jpg> [30


 <./images/Matiere_Enseigant.jpg>]
Underfull \hbox (badness 10000) in paragraph at lines 56--56
[]/cmr12/Supprimer une
 []


Overfull \hbox (48.04668pt too wide) in paragraph at lines 52--59
[][] 
 []

File: images/echelle.jpg Graphic file (type jpg)
<use images/echelle.jpg>) [31 <./images/Matiere_Administrateur.jpg>]
\openout2 = `enseignement.aux'.


(./enseignement.tex
Underfull \hbox (badness 10000) in paragraph at lines 3--4

 []

<images/Enseignement_Consultant.jpg, id=135, 522.95375pt x 242.9075pt>
File: images/Enseignement_Consultant.jpg Graphic file (type jpg)

<use images/Enseignement_Consultant.jpg>
Overfull \hbox (48.04668pt too wide) in paragraph at lines 11--19
[][] 
 []

File: images/echelle.jpg Graphic file (type jpg)
<use images/echelle.jpg>
<images/Enseignement_Enseignant.jpg, id=136, 582.175pt x 150.5625pt>
File: images/Enseignement_Enseignant.jpg Graphic file (type jpg)

<use images/Enseignement_Enseignant.jpg>
Underfull \hbox (badness 10000) in paragraph at lines 46--46
[]/cmr12/Creer un en-sei-gne-
 []


Underfull \hbox (badness 10000) in paragraph at lines 46--47
[]/cmr12/Utilisation de me-nus
 []


Overfull \hbox (48.04668pt too wide) in paragraph at lines 42--49
[][] 
 []

[32


 <./images/Enseignement_Consultant.jpg> <./images/Enseignement_Enseignant.jpg>]
File: images/echelle.jpg Graphic file (type jpg)
 <use images/echelle.jpg>
<images/Enseignement_Administrateur.jpg, id=140, 548.0475pt x 435.6275pt>
File: images/Enseignement_Administrateur.jpg Graphic file (type jpg)

<use images/Enseignement_Administrateur.jpg>
Underfull \hbox (badness 10000) in paragraph at lines 77--80
/cmr12/en-si-gne-ment que ce-lui
 []


Underfull \hbox (badness 10000) in paragraph at lines 77--80
/cmr12/s^^Selectionn^^Se. Les de-voirs
 []


Underfull \hbox (badness 10000) in paragraph at lines 77--80
/cmr12/de l'en-sei-gne-ment sont
 []


Underfull \hbox (badness 4792) in paragraph at lines 83--83
[]/cmr12/Restaurer l'en-sei-gne-
 []


Underfull \hbox (badness 1406) in paragraph at lines 83--84
[]/cmr12/Un en-sei-gne-ment dans la
 []


Overfull \hbox (48.04668pt too wide) in paragraph at lines 73--86
[][] 
 []


Underfull \vbox (badness 10000) has occurred while \output is active []

 [33 <./images/Enseignement_Administrateur.jpg>]
File: images/echelle.jpg Graphic file (type jpg)
 <use images/echelle.jpg>
Underfull \hbox (badness 10000) in paragraph at lines 99--100

 []


Overfull \hbox (2.46255pt too wide) in paragraph at lines 106--107
[]/cmr12/Post-requis : L'en-sei-gne-ment est compl^^Retement sup-prim^^Se. Il e
st irr^^Secup^^Serable. 
 []


Underfull \hbox (badness 10000) in paragraph at lines 106--107

 []


Underfull \hbox (badness 10000) in paragraph at lines 113--114

 []

) [34]
\openout2 = `gantt.aux'.

 (./gantt.tex
Chapitre 5.

Underfull \hbox (badness 10000) in paragraph at lines 3--4

 []

<images/gantt.jpg, id=147, 827.09pt x 790.955pt>
File: images/gantt.jpg Graphic file (type jpg)
 <use images/gantt.jpg>)
[35



 <./images/gantt.jpg>]
\openout2 = `glossaire.aux'.

 (./glossaire.tex
Chapitre 6.

Underfull \hbox (badness 10000) in paragraph at lines 6--9

 []


Underfull \hbox (badness 10000) in paragraph at lines 6--9

 []


Underfull \hbox (badness 10000) in paragraph at lines 10--12

 []


Underfull \hbox (badness 10000) in paragraph at lines 10--12

 []


Underfull \hbox (badness 10000) in paragraph at lines 13--15

 []


Underfull \hbox (badness 10000) in paragraph at lines 15--16

 []


Underfull \hbox (badness 10000) in paragraph at lines 17--20

 []


Underfull \hbox (badness 10000) in paragraph at lines 17--20

 []


Underfull \hbox (badness 10000) in paragraph at lines 21--22

 []


Underfull \hbox (badness 10000) in paragraph at lines 22--23

 []


Underfull \hbox (badness 10000) in paragraph at lines 23--25

 []


Underfull \hbox (badness 10000) in paragraph at lines 23--25

 []

[36



]
Underfull \hbox (badness 10000) in paragraph at lines 26--29

 []


Underfull \hbox (badness 10000) in paragraph at lines 26--29

 []


Underfull \hbox (badness 10000) in paragraph at lines 30--33

 []


Underfull \hbox (badness 10000) in paragraph at lines 30--33

 []


Underfull \hbox (badness 10000) in paragraph at lines 34--36

 []


Underfull \hbox (badness 10000) in paragraph at lines 34--36

 []


Underfull \hbox (badness 10000) in paragraph at lines 38--41

 []


Underfull \hbox (badness 10000) in paragraph at lines 41--43

 []


Underfull \hbox (badness 10000) in paragraph at lines 41--43

 []


Underfull \hbox (badness 10000) in paragraph at lines 44--46

 []


Underfull \hbox (badness 10000) in paragraph at lines 44--46

 []


Underfull \hbox (badness 10000) in paragraph at lines 47--48

 []

) [37]
\openout2 = `contact.aux'.

 (./contact.tex
Underfull \hbox (badness 10000) in paragraph at lines 3--5

 []

) [38


] (./UseCase.aux (./introduction.aux) (./charte.aux) (./acteur.aux)
(./interaction.aux) (./main.aux) (./compte.aux) (./droit.aux) (./exercice.aux)
(./projet.aux) (./TD.aux) (./section.aux) (./matiere.aux) (./enseignement.aux)
(./gantt.aux) (./glossaire.aux) (./contact.aux)) ) 
Here is how much of TeX's memory you used:
 1730 strings out of 10428
 23010 string characters out of 65381
 76567 words of memory out of 263001
 4601 multiletter control sequences out of 10000+0
 10749 words of font info for 41 fonts, out of 400000 for 1000
 14 hyphenation exceptions out of 1000
 24i,9n,24p,312b,543s stack positions out of 300i,100n,500p,50000b,4000s
</usr/share/texmf/fonts/type1
/bluesky/cm/cmti12.pfb></usr/share/texmf/fonts/type1/bluesky/cm/cmsl12.pfb></us
r/share/texmf/fonts/type1/bluesky/cm/cmr12.pfb></usr/share/texmf/fonts/type1/bl
uesky/cm/cmr17.pfb></usr/share/texmf/fonts/type1/bluesky/cm/cmbx12.pfb>
Output written on UseCase.pdf (38 pages, 827614 bytes).
