This is TeX, Version 3.14159 (Web2C 7.3.7) (format=latex 2002.1.30)  7 MAR 2003 17:16
**rapport.tex
(./rapport.tex
LaTeX2e <2001/06/01>
Babel <v3.7h> and hyphenation patterns for american, french, german, ngerman, n
ohyphenation, loaded.
(/usr/share/texmf/tex/latex/base/report.cls
Document Class: report 2001/04/21 v1.4e Standard LaTeX document class
(/usr/share/texmf/tex/latex/base/size12.clo
File: size12.clo 2001/04/21 v1.4e Standard LaTeX file (size option)
)
\c@part=\count79
\c@chapter=\count80
\c@section=\count81
\c@subsection=\count82
\c@subsubsection=\count83
\c@paragraph=\count84
\c@subparagraph=\count85
\c@figure=\count86
\c@table=\count87
\abovecaptionskip=\skip41
\belowcaptionskip=\skip42
\bibindent=\dimen102
)
(/usr/share/texmf/tex/latex/base/inputenc.sty
Package: inputenc 2001/07/10 v0.99a Input encoding file 

(/usr/share/texmf/tex/latex/base/latin1.def
File: latin1.def 2001/07/10 v0.99a Input encoding file 
))
(/usr/share/texmf/tex/generic/babel/babel.sty
Package: babel 2001/03/01 v3.7h The Babel package

(/usr/share/texmf/tex/generic/babel/frenchb.ldf
Language: french 2001/03/01 v1.5e French support from the babel system

(/usr/share/texmf/tex/generic/babel/babel.def
File: babel.def 2001/03/01 v3.7h Babel common definitions
\babel@savecnt=\count88
\U@D=\dimen103
)
Package babel Info: Making : an active character on input line 200.
Package babel Info: Making ; an active character on input line 201.
Package babel Info: Making ! an active character on input line 202.
Package babel Info: Making ? an active character on input line 203.

*************************************
* Local config file frenchb.cfg used
*
(/usr/share/texmf/tex/generic/babel/frenchb.cfg)))
(/usr/share/texmf/tex/latex/base/latexsym.sty
Package: latexsym 1998/08/17 v2.2e Standard LaTeX package (lasy symbols)
\symlasy=\mathgroup4
LaTeX Font Info:    Overwriting symbol font `lasy' in version `bold'
(Font)                  U/lasy/m/n --> U/lasy/b/n on input line 42.
)
(/usr/share/texmf/tex/latex/graphics/graphics.sty
Package: graphics 2001/07/07 v1.0n Standard LaTeX Graphics (DPC,SPQR)

(/usr/share/texmf/tex/latex/graphics/trig.sty
Package: trig 1999/03/16 v1.09 sin cos tan (DPC)
)
(/usr/share/texmf/tex/latex/config/graphics.cfg
File: graphics.cfg 2001/08/31 v1.1 graphics configuration of teTeX/TeXLive
)
Package graphics Info: Driver file: dvips.def on input line 80.

(/usr/share/texmf/tex/latex/graphics/dvips.def
File: dvips.def 1999/02/16 v3.0i Driver-dependant file (DPC,SPQR)
))
(/usr/share/texmf/tex/latex/graphics/graphicx.sty
Package: graphicx 1999/02/16 v1.0f Enhanced LaTeX Graphics (DPC,SPQR)

(/usr/share/texmf/tex/latex/graphics/keyval.sty
Package: keyval 1999/03/16 v1.13 key=value parser (DPC)
\KV@toks@=\toks14
)
\Gin@req@height=\dimen104
\Gin@req@width=\dimen105
) (./rapport.aux
(./template.aux) (./interface.aux) (./charte_graphique.aux) (./logo.aux)
(./login.aux) (./onglet.aux) (./liens.aux) (./MesEnseignements.aux)
(./ConsulterCompte.aux) (./creerProjet.aux) (./creerTD.aux)
(./FeuilleDeStyle.aux) (./creerExo.aux) (./creerEnseignement.aux)
(./creerCompte.aux) (./corbeille.aux) (./gantt.aux) (./contact.aux))
\openout1 = `rapport.aux'.

LaTeX Font Info:    Checking defaults for OML/cmm/m/it on input line 22.
LaTeX Font Info:    ... okay on input line 22.
LaTeX Font Info:    Checking defaults for T1/cmr/m/n on input line 22.
LaTeX Font Info:    ... okay on input line 22.
LaTeX Font Info:    Checking defaults for OT1/cmr/m/n on input line 22.
LaTeX Font Info:    ... okay on input line 22.
LaTeX Font Info:    Checking defaults for OMS/cmsy/m/n on input line 22.
LaTeX Font Info:    ... okay on input line 22.
LaTeX Font Info:    Checking defaults for OMX/cmex/m/n on input line 22.
LaTeX Font Info:    ... okay on input line 22.
LaTeX Font Info:    Checking defaults for U/cmr/m/n on input line 22.
LaTeX Font Info:    ... okay on input line 22.
LaTeX Font Info:    Checking defaults for OT2/wncyr/m/n on input line 22.
LaTeX Font Info:    Try loading font information for OT2+wncyr on input line 22
.

(/usr/share/texmf/tex/latex/cyrillic/ot2wncyr.fd
File: ot2wncyr.fd 1999/12/17 v3.2a Computer Modern Cyrillic font definitions
)
LaTeX Font Info:    ... okay on input line 22.
LaTeX Info: Redefining \dots on input line 22.
LaTeX Font Info:    External font `cmex10' loaded for size
(Font)              <14.4> on input line 23.
LaTeX Font Info:    External font `cmex10' loaded for size
(Font)              <7> on input line 23.
LaTeX Font Info:    Try loading font information for U+lasy on input line 23.

(/usr/share/texmf/tex/latex/base/ulasy.fd
File: ulasy.fd 1998/08/17 v2.2e LaTeX symbol font definitions
) [1

] (./rapport.toc
LaTeX Font Info:    External font `cmex10' loaded for size
(Font)              <12> on input line 11.
LaTeX Font Info:    External font `cmex10' loaded for size
(Font)              <8> on input line 11.
LaTeX Font Info:    External font `cmex10' loaded for size
(Font)              <6> on input line 11.
 [2

])
\tf@toc=\write3
\openout3 = `rapport.toc'.

 [3]
\openout2 = `template.aux'.


(./template.tex
Chapitre 1.
File: ../eps/template.eps Graphic file (type eps)
<../eps/template.eps>) [4


]
\openout2 = `interface.aux'.

 (./interface.tex
Chapitre 2.

Underfull \hbox (badness 10000) in paragraph at lines 18--25

 []


Underfull \hbox (badness 10000) in paragraph at lines 25--36

 []


Underfull \hbox (badness 10000) in paragraph at lines 36--45

 []


Underfull \hbox (badness 10000) in paragraph at lines 45--52

 []

[5



]) [6]
\openout2 = `charte_graphique.aux'.

 (./charte_graphique.tex
Chapitre 3.
File: ../eps/charte.eps Graphic file (type eps)
<../eps/charte.eps>
Overfull \hbox (11.04886pt too wide) in paragraph at lines 7--7
[]  
 []

) [7



]
\openout2 = `logo.aux'.

 (./logo.tex
Chapitre 4.
File: ../eps/logo.eps Graphic file (type eps)
<../eps/logo.eps>) [8



]
\openout2 = `login.aux'.

 (./login.tex
Chapitre 5.
File: ../eps/login.eps Graphic file (type eps)
<../eps/login.eps>) [9



]
\openout2 = `onglet.aux'.

 (./onglet.tex
Chapitre 6.
File: ../eps/onglets.eps Graphic file (type eps)
<../eps/onglets.eps>) [10



]
\openout2 = `liens.aux'.

 (./liens.tex
Chapitre 7.
File: ../eps/Liens.eps Graphic file (type eps)
<../eps/Liens.eps>) [11



]
Chapitre 8.
[12


]
\openout2 = `MesEnseignements.aux'.

 (./MesEnseignements.tex
Chapitre 9.
[13


]
File: ../eps/MesEnseignements.eps Graphic file (type eps)
 <../eps/MesEnseignements.eps>
Overfull \hbox (48.991pt too wide) in paragraph at lines 14--14
[]  
 []

[14]
File: ../eps/Attacher1Projet.eps Graphic file (type eps)
 <../eps/Attacher1Projet.eps>
File: ../eps/AttacherProjetExistant.eps Graphic file (type eps)
 <../eps/AttacherProjetExistant.eps> [15]
File: ../eps/Attacher1TD.eps Graphic file (type eps)

<../eps/Attacher1TD.eps>
File: ../eps/AttacherTDExistant.eps Graphic file (type eps)
 <../eps/AttacherTDExistant.eps> [16]
File: ../eps/ListingProfD1Enseignement.eps Graphic file (type eps)

<../eps/ListingProfD1Enseignement.eps>
File: ../eps/AjoutD1NouveauProf.eps Graphic file (type eps)
 <../eps/AjoutD1NouveauProf.eps>)
[17]
\openout2 = `ConsulterCompte.aux'.

 (./ConsulterCompte.tex
File: ../eps/compteConsulter.eps Graphic file (type eps)
 <../eps/compteConsulter.eps>
File: ../eps/compteModifier.eps Graphic file (type eps)

<../eps/compteModifier.eps>
File: ../eps/compteModifierMDP.eps Graphic file (type eps)
 <../eps/compteModifierMDP.eps>
Underfull \vbox (badness 7433) has occurred while \output is active []

 [18


]
File: ../eps/compteModifierMDPErreur.eps Graphic file (type eps)

<../eps/compteModifierMDPErreur.eps>) [19]
\openout2 = `creerProjet.aux'.

 (./creerProjet.tex
File: ../eps/CreerProjetMain.eps Graphic file (type eps)

<../eps/CreerProjetMain.eps>
File: ../eps/CreerProjAncien_Listing.eps Graphic file (type eps)
 <../eps/CreerProjAncien_Listing.eps>
Underfull \vbox (badness 10000) has occurred while \output is active []

 [20


]
[21]
File: ../eps/CreerNewProjMain2.eps Graphic file (type eps)
 <../eps/CreerNewProjMain2.eps> [22]
File: ../eps/projetEditionBalise.eps Graphic file (type eps)
 <../eps/projetEditionBalise.eps>
File: ../eps/projetEditionSansBalise.eps Graphic file (type eps)

<../eps/projetEditionSansBalise.eps>) [23]
\openout2 = `creerTD.aux'.

 (./creerTD.tex
File: ../eps/CreerTDMain.eps Graphic file (type eps)

<../eps/CreerTDMain.eps>
File: ../eps/CreerTDAncien_Listing.eps Graphic file (type eps)
 <../eps/CreerTDAncien_Listing.eps>
Underfull \vbox (badness 10000) has occurred while \output is active []

 [24


]
[25]
File: ../eps/CreerNewTDMain2.eps Graphic file (type eps)
 <../eps/CreerNewTDMain2.eps>
File: ../eps/tdEditionBalise.eps Graphic file (type eps)
 <../eps/tdEditionBalise.eps>
Underfull \vbox (badness 10000) has occurred while \output is active []

 [26]
File: ../eps/tdEditionSansBalise.eps Graphic file (type eps)

<../eps/tdEditionSansBalise.eps> [27]
File: ../eps/tdCreerPanier.eps Graphic file (type eps)
 <../eps/tdCreerPanier.eps>) [28]
\openout2 = `FeuilleDeStyle.aux'.


(./FeuilleDeStyle.tex
File: ../eps/feuilleDeStyle.eps Graphic file (type eps)
 <../eps/feuilleDeStyle.eps>) [29


]
\openout2 = `creerExo.aux'.

 (./creerExo.tex
File: ../eps/exercice.eps Graphic file (type eps)

<../eps/exercice.eps>
File: ../eps/exerciceList.eps Graphic file (type eps)
 <../eps/exerciceList.eps>
Underfull \vbox (badness 10000) has occurred while \output is active []

 [30


]
File: ../eps/exerciceNouveau.eps Graphic file (type eps)

<../eps/exerciceNouveau.eps>
File: ../eps/exerciceExplorCompte.eps Graphic file (type eps)
 <../eps/exerciceExplorCompte.eps> [31]
File: ../eps/exerciceEditText.eps Graphic file (type eps)

<../eps/exerciceEditText.eps>
Underfull \vbox (badness 10000) has occurred while \output is active []

 [32])
[33]
\openout2 = `creerEnseignement.aux'.

 (./creerEnseignement.tex
File: ../eps/enseignementMain.eps Graphic file (type eps)
 <../eps/enseignementMain.eps>
File: ../eps/enseignementOK.eps Graphic file (type eps)

<../eps/enseignementOK.eps>
Underfull \vbox (badness 10000) has occurred while \output is active []

 [34


]
File: ../eps/enseignementNOK.eps Graphic file (type eps)

<../eps/enseignementNOK.eps>) [35]
\openout2 = `creerCompte.aux'.

 (./creerCompte.tex
File: ../eps/compteCreer.eps Graphic file (type eps)
 <../eps/compteCreer.eps>
File: ../eps/compteDemandeConf.eps Graphic file (type eps)

<../eps/compteDemandeConf.eps>
Underfull \vbox (badness 10000) has occurred while \output is active []

 [36


])
[37]
\openout2 = `corbeille.aux'.

 (./corbeille.tex
File: ../eps/corbeilleTriDate.eps Graphic file (type eps)
 <../eps/corbeilleTriDate.eps>
File: ../eps/corbeilleTriType.eps Graphic file (type eps)

<../eps/corbeilleTriType.eps>
Underfull \vbox (badness 10000) has occurred while \output is active []

 [38


]
File: ../eps/corbeilleListRestaur.eps Graphic file (type eps)

<../eps/corbeilleListRestaur.eps>) [39]
\openout2 = `gantt.aux'.


No file gantt.tex.
\openout2 = `contact.aux'.

(./contact.tex
Underfull \hbox (badness 10000) in paragraph at lines 3--5

 []


Overfull \hbox (88.03294pt too wide) in paragraph at lines 6--24
[][] 
 []

) [40




] (./rapport.aux (./template.aux) (./interface.aux)
(./charte_graphique.aux) (./logo.aux) (./login.aux) (./onglet.aux) (./liens.aux
) (./MesEnseignements.aux) (./ConsulterCompte.aux) (./creerProjet.aux)
(./creerTD.aux) (./FeuilleDeStyle.aux) (./creerExo.aux)
(./creerEnseignement.aux) (./creerCompte.aux) (./corbeille.aux) (./gantt.aux)
(./contact.aux)) ) 
Here is how much of TeX's memory you used:
 1389 strings out of 10847
 17957 string characters out of 70946
 69678 words of memory out of 263001
 4175 multiletter control sequences out of 10000+0
 11056 words of font info for 42 fonts, out of 400000 for 1000
 14 hyphenation exceptions out of 1000
 24i,7n,24p,192b,375s stack positions out of 300i,100n,500p,50000b,4000s

Output written on rapport.dvi (40 pages, 48984 bytes).
