This is pdfTeX, Version 3.14159-1.00a-pretest-20011114-ojmw (Web2C 7.3.7) (format=pdflatex 2002.1.30)  14 MAR 2003 20:56
**rapportTechnique.tex
(./rapportTechnique.tex{/usr/share/texmf/pdftex/config/pdftex.cfg}
LaTeX2e <2001/06/01>
Babel <v3.7h> and hyphenation patterns for american, french, german, ngerman, n
ohyphenation, loaded.
(/usr/share/texmf/tex/latex/base/report.cls
Document Class: report 2001/04/21 v1.4e Standard LaTeX document class
(/usr/share/texmf/tex/latex/base/size12.clo
File: size12.clo 2001/04/21 v1.4e Standard LaTeX file (size option)
)
\c@part=\count79
\c@chapter=\count80
\c@section=\count81
\c@subsection=\count82
\c@subsubsection=\count83
\c@paragraph=\count84
\c@subparagraph=\count85
\c@figure=\count86
\c@table=\count87
\abovecaptionskip=\skip41
\belowcaptionskip=\skip42
\bibindent=\dimen102
)
(/usr/share/texmf/tex/latex/base/inputenc.sty
Package: inputenc 2001/07/10 v0.99a Input encoding file 

(/usr/share/texmf/tex/latex/base/latin1.def
File: latin1.def 2001/07/10 v0.99a Input encoding file 
))
(/usr/share/texmf/tex/generic/babel/babel.sty
Package: babel 2001/03/01 v3.7h The Babel package

(/usr/share/texmf/tex/generic/babel/frenchb.ldf
Language: french 2001/03/01 v1.5e French support from the babel system

(/usr/share/texmf/tex/generic/babel/babel.def
File: babel.def 2001/03/01 v3.7h Babel common definitions
\babel@savecnt=\count88
\U@D=\dimen103
)
Package babel Info: Making : an active character on input line 200.
Package babel Info: Making ; an active character on input line 201.
Package babel Info: Making ! an active character on input line 202.
Package babel Info: Making ? an active character on input line 203.

*************************************
* Local config file frenchb.cfg used
*
(/usr/share/texmf/tex/generic/babel/frenchb.cfg)))
(/usr/share/texmf/tex/latex/base/latexsym.sty
Package: latexsym 1998/08/17 v2.2e Standard LaTeX package (lasy symbols)
\symlasy=\mathgroup4
LaTeX Font Info:    Overwriting symbol font `lasy' in version `bold'
(Font)                  U/lasy/m/n --> U/lasy/b/n on input line 42.
)
(/usr/share/texmf/tex/latex/graphics/graphics.sty
Package: graphics 2001/07/07 v1.0n Standard LaTeX Graphics (DPC,SPQR)

(/usr/share/texmf/tex/latex/graphics/trig.sty
Package: trig 1999/03/16 v1.09 sin cos tan (DPC)
)
(/usr/share/texmf/tex/latex/config/graphics.cfg
File: graphics.cfg 2001/08/31 v1.1 graphics configuration of teTeX/TeXLive
)
Package graphics Info: Driver file: pdftex.def on input line 80.

(/usr/share/texmf/tex/latex/graphics/pdftex.def
File: pdftex.def 2001/11/29 v0.03i graphics/color for pdftex
\Gread@gobject=\count89
))
(/usr/share/texmf/tex/latex/graphics/graphicx.sty
Package: graphicx 1999/02/16 v1.0f Enhanced LaTeX Graphics (DPC,SPQR)

(/usr/share/texmf/tex/latex/graphics/keyval.sty
Package: keyval 1999/03/16 v1.13 key=value parser (DPC)
\KV@toks@=\toks14
)
\Gin@req@height=\dimen104
\Gin@req@width=\dimen105
) (./rapportTechnique.aux
(./account.aux) (./teaching.aux) (./exercice.aux) (./projet.aux) (./td.aux)
(./bibliotheque.aux) (./contact.aux))
\openout1 = `rapportTechnique.aux'.

LaTeX Font Info:    Checking defaults for OML/cmm/m/it on input line 22.
LaTeX Font Info:    ... okay on input line 22.
LaTeX Font Info:    Checking defaults for T1/cmr/m/n on input line 22.
LaTeX Font Info:    ... okay on input line 22.
LaTeX Font Info:    Checking defaults for OT1/cmr/m/n on input line 22.
LaTeX Font Info:    ... okay on input line 22.
LaTeX Font Info:    Checking defaults for OMS/cmsy/m/n on input line 22.
LaTeX Font Info:    ... okay on input line 22.
LaTeX Font Info:    Checking defaults for OMX/cmex/m/n on input line 22.
LaTeX Font Info:    ... okay on input line 22.
LaTeX Font Info:    Checking defaults for U/cmr/m/n on input line 22.
LaTeX Font Info:    ... okay on input line 22.
LaTeX Font Info:    Checking defaults for OT2/wncyr/m/n on input line 22.
LaTeX Font Info:    Try loading font information for OT2+wncyr on input line 22
.

(/usr/share/texmf/tex/latex/cyrillic/ot2wncyr.fd
File: ot2wncyr.fd 1999/12/17 v3.2a Computer Modern Cyrillic font definitions
)
LaTeX Font Info:    ... okay on input line 22.
LaTeX Info: Redefining \dots on input line 22.

(/usr/share/texmf/tex/context/base/supp-pdf.tex
(/usr/share/texmf/tex/context/base/supp-mis.tex
loading : Context Support Macros / Missing
\protectiondepth=\count90
\scratchcounter=\count91
\scratchtoks=\toks15
\scratchdimen=\dimen106
\scratchskip=\skip43
\scratchmuskip=\muskip10
\scratchbox=\box26
\scratchread=\read1
\scratchwrite=\write3
\zeropoint=\dimen107
\nextbox=\box27
\nextdepth=\dimen108
\everyline=\toks16
\!!counta=\count92
\!!countb=\count93
\recursecounter=\count94
)
loading : Context Support Macros / PDF
\nofMPsegments=\count95
\nofMParguments=\count96
\everyMPtoPDFconversion=\toks17
)
LaTeX Font Info:    External font `cmex10' loaded for size
(Font)              <14.4> on input line 23.
LaTeX Font Info:    External font `cmex10' loaded for size
(Font)              <7> on input line 23.
LaTeX Font Info:    Try loading font information for U+lasy on input line 23.
 (/usr/share/texmf/tex/latex/base/ulasy.fd
File: ulasy.fd 1998/08/17 v2.2e LaTeX symbol font definitions
) [1

{/usr/share/texmf/dvips/config/pdftex.map}] (./rapportTechnique.toc
LaTeX Font Info:    External font `cmex10' loaded for size
(Font)              <12> on input line 3.
LaTeX Font Info:    External font `cmex10' loaded for size
(Font)              <8> on input line 3.
LaTeX Font Info:    External font `cmex10' loaded for size
(Font)              <6> on input line 3.
)
\tf@toc=\write4
\openout4 = `rapportTechnique.toc'.

 [2

]
\openout2 = `account.aux'.

 (./account.tex
Chapitre 1.

Underfull \hbox (badness 10000) in paragraph at lines 3--5

 []

<images/droitCompteClass.jpg, id=17, 570.13pt x 489.83pt>
File: images/droitCompteClass.jpg Graphic file (type jpg)

<use images/droitCompteClass.jpg> [3


 <./images/droitCompteClass.jpg>]
Underfull \hbox (badness 10000) in paragraph at lines 20--23

 []


Underfull \hbox (badness 10000) in paragraph at lines 24--30

 []


Underfull \hbox (badness 10000) in paragraph at lines 31--33

 []


Underfull \hbox (badness 10000) in paragraph at lines 34--37

 []

<images/compte.jpg, id=21, 661.47125pt x 974.64125pt>
File: images/compte.jpg Graphic file (type jpg)
 <use images/compte.jpg>
Underfull \vbox (badness 10000) has occurred while \output is active []

 [4]
<images/droit.jpg, id=28, 695.59875pt x 415.5525pt>
File: images/droit.jpg Graphic file (type jpg)
 <use images/droit.jpg>
Underfull \vbox (badness 10000) has occurred while \output is active []

 [5 <./images/compte.jpg>]) [6 <./images/droit.jpg>]
\openout2 = `teaching.aux'.

 (./teaching.tex
<images/ens_mat_secClass.jpg, id=35, 688.5725pt x 511.9125pt>
File: images/ens_mat_secClass.jpg Graphic file (type jpg)

<use images/ens_mat_secClass.jpg>
Underfull \hbox (badness 10000) in paragraph at lines 9--11

 []


Underfull \hbox (badness 10000) in paragraph at lines 13--16

 []


Underfull \hbox (badness 10000) in paragraph at lines 17--20

 []


Underfull \hbox (badness 10000) in paragraph at lines 21--24

 []


Underfull \hbox (badness 10000) in paragraph at lines 25--27

 []


Underfull \hbox (badness 10000) in paragraph at lines 28--30

 []

<images/creerEnseignement.jpg, id=36, 608.2725pt x 363.3575pt>
File: images/creerEnseignement.jpg Graphic file (type jpg)

<use images/creerEnseignement.jpg> [7


 <./images/ens_mat_secClass.jpg>]
<images/rechercherEns.jpg, id=41, 503.8825pt x 361.35pt>
File: images/rechercherEns.jpg Graphic file (type jpg)

<use images/rechercherEns.jpg>
<images/mettreEnsCorbeille.jpg, id=42, 626.34pt x 449.68pt>
File: images/mettreEnsCorbeille.jpg Graphic file (type jpg)

<use images/mettreEnsCorbeille.jpg>
Underfull \vbox (badness 10000) has occurred while \output is active []

 [8 <./images/creerEnseignement.jpg> <./images/rechercherEns.jpg>]
<images/supprimerEns.jpg, id=46, 650.43pt x 331.2375pt>
File: images/supprimerEns.jpg Graphic file (type jpg)

<use images/supprimerEns.jpg>) [9 <./images/mettreEnsCorbeille.jpg> <./images/s
upprimerEns.jpg>]
\openout2 = `exercice.aux'.

 (./exercice.tex
Underfull \hbox (badness 10000) in paragraph at lines 3--4

 []

<images/ex_td_proj_Class.jpg, id=50, 694.595pt x 517.935pt>
File: images/ex_td_proj_Class.jpg Graphic file (type jpg)

<use images/ex_td_proj_Class.jpg>
Underfull \hbox (badness 10000) in paragraph at lines 13--15

 []


Underfull \hbox (badness 10000) in paragraph at lines 16--18

 []


Underfull \hbox (badness 10000) in paragraph at lines 19--22

 []


Underfull \hbox (badness 10000) in paragraph at lines 23--26

 []


Underfull \hbox (badness 10000) in paragraph at lines 27--30

 []

[10


 <./images/ex_td_proj_Class.jpg>]
<images/exo_trash_search.jpg, id=54, 608.2725pt x 505.89pt>
File: images/exo_trash_search.jpg Graphic file (type jpg)

<use images/exo_trash_search.jpg> [11 <./images/exo_trash_search.jpg>]
<images/exo_faq_correction.jpg, id=58, 613.29124pt x 442.65375pt>
File: images/exo_faq_correction.jpg Graphic file (type jpg)

<use images/exo_faq_correction.jpg>
<images/exo_display.jpg, id=59, 647.41875pt x 286.06876pt>
File: images/exo_display.jpg Graphic file (type jpg)

<use images/exo_display.jpg> [12 <./images/exo_faq_correction.jpg> <./images/ex
o_display.jpg>] <images/exo_new.jpg, id=63, 645.41125pt x 728.7225pt>
File: images/exo_new.jpg Graphic file (type jpg)

<use images/exo_new.jpg>) [13 <./images/exo_new.jpg>]
\openout2 = `projet.aux'.

 (./projet.tex
Underfull \hbox (badness 10000) in paragraph at lines 3--4

 []


Underfull \hbox (badness 10000) in paragraph at lines 5--7

 []


Underfull \hbox (badness 10000) in paragraph at lines 7--9

 []


Underfull \hbox (badness 10000) in paragraph at lines 9--12

 []


Underfull \hbox (badness 10000) in paragraph at lines 12--15

 []


Underfull \hbox (badness 10000) in paragraph at lines 15--16

 []

<images/projet.jpg, id=68, 712.6625pt x 973.6375pt>
File: images/projet.jpg Graphic file (type jpg)
 <use images/projet.jpg>
Overfull \hbox (0.80946pt too wide) in paragraph at lines 18--18
 [] 
 []


Underfull \vbox (badness 10000) has occurred while \output is active []

 [14


])
[15 <./images/projet.jpg>]
\openout2 = `td.aux'.

 (./td.tex
Underfull \hbox (badness 10000) in paragraph at lines 3--4

 []


Underfull \hbox (badness 10000) in paragraph at lines 6--8

 []


Underfull \hbox (badness 10000) in paragraph at lines 9--11

 []


Underfull \hbox (badness 10000) in paragraph at lines 12--15

 []


Underfull \hbox (badness 10000) in paragraph at lines 16--19

 []


Underfull \hbox (badness 10000) in paragraph at lines 20--21

 []

<images/td.jpg, id=75, 680.5425pt x 570.13pt>
File: images/td.jpg Graphic file (type jpg)
 <use images/td.jpg>) [16


 <./images/td.jpg>]
\openout2 = `bibliotheque.aux'.

 (./bibliotheque.tex
Chapitre 2.

Underfull \hbox (badness 10000) in paragraph at lines 3--31

 []


Underfull \hbox (badness 10000) in paragraph at lines 3--31

 []


Underfull \hbox (badness 10000) in paragraph at lines 3--31

 []


Underfull \hbox (badness 10000) in paragraph at lines 32--37

 []


Underfull \vbox (badness 10000) has occurred while \output is active []

 [17



]
Underfull \hbox (badness 10000) in paragraph at lines 49--54

 []


Underfull \hbox (badness 10000) in paragraph at lines 55--58

 []


Underfull \hbox (badness 10000) in paragraph at lines 59--60

 []


Underfull \hbox (badness 10000) in paragraph at lines 62--64

 []


Underfull \hbox (badness 10000) in paragraph at lines 65--68

 []


Underfull \hbox (badness 10000) in paragraph at lines 69--79

 []

[18]
Underfull \hbox (badness 10000) in paragraph at lines 80--82

 []


Underfull \hbox (badness 10000) in paragraph at lines 108--111

 []

[19]
Underfull \hbox (badness 10000) in paragraph at lines 113--115

 []


Underfull \hbox (badness 10000) in paragraph at lines 120--124

 []


Underfull \hbox (badness 10000) in paragraph at lines 128--129

 []


Underfull \hbox (badness 10000) in paragraph at lines 131--134

 []

[20]
Underfull \hbox (badness 10000) in paragraph at lines 138--139

 []


Underfull \hbox (badness 10000) in paragraph at lines 145--146

 []


Underfull \hbox (badness 10000) in paragraph at lines 148--150

 []


Underfull \hbox (badness 10000) in paragraph at lines 160--161

 []


Underfull \hbox (badness 10000) in paragraph at lines 163--165

 []


Underfull \hbox (badness 10000) in paragraph at lines 176--186

 []

[21]
Underfull \hbox (badness 10000) in paragraph at lines 187--191

 []


Underfull \hbox (badness 10000) in paragraph at lines 192--194

 []


Overfull \hbox (1.08757pt too wide) in paragraph at lines 195--202
/cmr12/r^^Sesultat repr^^Sesentant la struc-ture d'un do-cu-ment HTML. La m^^Se
thode di-recte consiste
 []


Underfull \hbox (badness 10000) in paragraph at lines 195--202

 []


Underfull \hbox (badness 10000) in paragraph at lines 203--205

 []


Underfull \hbox (badness 10000) in paragraph at lines 216--218

 []


Underfull \hbox (badness 10000) in paragraph at lines 219--222

 []

[22]
Underfull \hbox (badness 10000) in paragraph at lines 223--227

 []


Underfull \hbox (badness 10000) in paragraph at lines 230--231

 []


Underfull \hbox (badness 10000) in paragraph at lines 239--240

 []


Overfull \hbox (2.54883pt too wide) in paragraph at lines 241--261
/cmr12/C^ot^^Se /cmbx12/in-conv^^Senients/cmr12/, les ap-pli-ca-tions SAX pr^^S
esentent sou-vent des ins-truc-tions /cmti12/if/else
 []


Underfull \hbox (badness 10000) in paragraph at lines 241--261

 []

[23]
Underfull \hbox (badness 10000) in paragraph at lines 268--271

 []


Underfull \hbox (badness 10000) in paragraph at lines 272--273

 []


Underfull \hbox (badness 10000) in paragraph at lines 276--279

 []


Underfull \hbox (badness 10000) in paragraph at lines 280--282

 []

) [24]
\openout2 = `contact.aux'.

 (./contact.tex
Chapitre 3.

Underfull \hbox (badness 10000) in paragraph at lines 3--5

 []

)
Overfull \hbox (88.03294pt too wide) in paragraph at lines 6--36
[][] 
 []

[25



] (./rapportTechnique.aux (./account.aux) (./teaching.aux) (./exercice.aux)
(./projet.aux) (./td.aux) (./bibliotheque.aux) (./contact.aux)) ) 
Here is how much of TeX's memory you used:
 1618 strings out of 10428
 20639 string characters out of 65381
 73318 words of memory out of 263001
 4560 multiletter control sequences out of 10000+0
 11056 words of font info for 42 fonts, out of 400000 for 1000
 14 hyphenation exceptions out of 1000
 24i,7n,24p,715b,371s stack positions out of 300i,100n,500p,50000b,4000s
</usr/share/te
xmf/fonts/type1/bluesky/cm/cmti12.pfb></usr/share/texmf/fonts/type1/bluesky/cm/
cmsl12.pfb></usr/share/texmf/fonts/type1/bluesky/cm/cmr12.pfb></usr/share/texmf
/fonts/type1/bluesky/cm/cmr17.pfb></usr/share/texmf/fonts/type1/bluesky/cm/cmbx
12.pfb>
Output written on rapportTechnique.pdf (25 pages, 683762 bytes).
